/!\ FAILSAFE /!\  Thu Dec 10 19:49:22 +0000 2009
  Status: 500 Internal Server Error
  wrong argument type String (expected Module)
    /Users/ackbarjoolia/.rvm/gems/ruby/1.9.1/gems/activerecord-2.3.5/lib/active_record/connection_adapters/postgresql_adapter.rb:968:in `initialize'
    /Users/ackbarjoolia/.rvm/gems/ruby/1.9.1/gems/activerecord-2.3.5/lib/active_record/connection_adapters/postgresql_adapter.rb:968:in `connect'
    /Users/ackbarjoolia/.rvm/gems/ruby/1.9.1/gems/activerecord-2.3.5/lib/active_record/connection_adapters/postgresql_adapter.rb:968:in `connect'
    /Users/ackbarjoolia/.rvm/gems/ruby/1.9.1/gems/activerecord-2.3.5/lib/active_record/connection_adapters/postgresql_adapter.rb:217:in `initialize'
    /Users/ackbarjoolia/.rvm/gems/ruby/1.9.1/gems/activerecord-2.3.5/lib/active_record/connection_adapters/postgresql_adapter.rb:37:in `new'
    /Users/ackbarjoolia/.rvm/gems/ruby/1.9.1/gems/activerecord-2.3.5/lib/active_record/connection_adapters/postgresql_adapter.rb:37:in `postgresql_connection'
    /Users/ackbarjoolia/.rvm/gems/ruby/1.9.1/gems/activerecord-2.3.5/lib/active_record/connection_adapters/abstract/connection_pool.rb:223:in `send'
    /Users/ackbarjoolia/.rvm/gems/ruby/1.9.1/gems/activerecord-2.3.5/lib/active_record/connection_adapters/abstract/connection_pool.rb:223:in `new_connection'
    /Users/ackbarjoolia/.rvm/gems/ruby/1.9.1/gems/activerecord-2.3.5/lib/active_record/connection_adapters/abstract/connection_pool.rb:245:in `checkout_new_connection'
    /Users/ackbarjoolia/.rvm/gems/ruby/1.9.1/gems/activerecord-2.3.5/lib/active_record/connection_adapters/abstract/connection_pool.rb:188:in `checkout'
    /Users/ackbarjoolia/.rvm/gems/ruby/1.9.1/gems/activerecord-2.3.5/lib/active_record/connection_adapters/abstract/connection_pool.rb:184:in `loop'
    /Users/ackbarjoolia/.rvm/gems/ruby/1.9.1/gems/activerecord-2.3.5/lib/active_record/connection_adapters/abstract/connection_pool.rb:184:in `checkout'
    /System/Library/Frameworks/Ruby.framework/Versions/1.8/usr/lib/ruby/1.8/monitor.rb:242:in `synchronize'
    /Users/ackbarjoolia/.rvm/gems/ruby/1.9.1/gems/activerecord-2.3.5/lib/active_record/connection_adapters/abstract/connection_pool.rb:183:in `checkout'
    /Users/ackbarjoolia/.rvm/gems/ruby/1.9.1/gems/activerecord-2.3.5/lib/active_record/connection_adapters/abstract/connection_pool.rb:98:in `connection'
    /Users/ackbarjoolia/.rvm/gems/ruby/1.9.1/gems/activerecord-2.3.5/lib/active_record/connection_adapters/abstract/connection_pool.rb:326:in `retrieve_connection'
    /Users/ackbarjoolia/.rvm/gems/ruby/1.9.1/gems/activerecord-2.3.5/lib/active_record/connection_adapters/abstract/connection_specification.rb:123:in `retrieve_connection'
    /Users/ackbarjoolia/.rvm/gems/ruby/1.9.1/gems/activerecord-2.3.5/lib/active_record/connection_adapters/abstract/connection_specification.rb:115:in `connection'
    /Users/ackbarjoolia/.rvm/gems/ruby/1.9.1/gems/activerecord-2.3.5/lib/active_record/query_cache.rb:9:in `cache'
    /Users/ackbarjoolia/.rvm/gems/ruby/1.9.1/gems/activerecord-2.3.5/lib/active_record/query_cache.rb:28:in `call'
    /Users/ackbarjoolia/.rvm/gems/ruby/1.9.1/gems/activerecord-2.3.5/lib/active_record/connection_adapters/abstract/connection_pool.rb:361:in `call'
    /Users/ackbarjoolia/.rvm/gems/ruby/1.9.1/gems/actionpack-2.3.5/lib/action_controller/string_coercion.rb:25:in `call'
    /Users/ackbarjoolia/.rvm/gems/ruby/1.9.1/gems/rack-1.0.1/lib/rack/head.rb:9:in `call'
    /Users/ackbarjoolia/.rvm/gems/ruby/1.9.1/gems/rack-1.0.1/lib/rack/methodoverride.rb:24:in `call'
    /Users/ackbarjoolia/.rvm/gems/ruby/1.9.1/gems/actionpack-2.3.5/lib/action_controller/params_parser.rb:15:in `call'
    /Users/ackbarjoolia/.rvm/gems/ruby/1.9.1/gems/actionpack-2.3.5/lib/action_controller/session/cookie_store.rb:93:in `call'
    /Users/ackbarjoolia/.rvm/gems/ruby/1.9.1/gems/actionpack-2.3.5/lib/action_controller/failsafe.rb:26:in `call'
    /Users/ackbarjoolia/.rvm/gems/ruby/1.9.1/gems/rack-1.0.1/lib/rack/lock.rb:11:in `call'
    /Users/ackbarjoolia/.rvm/gems/ruby/1.9.1/gems/rack-1.0.1/lib/rack/lock.rb:11:in `synchronize'
    /Users/ackbarjoolia/.rvm/gems/ruby/1.9.1/gems/rack-1.0.1/lib/rack/lock.rb:11:in `call'
    /Users/ackbarjoolia/.rvm/gems/ruby/1.9.1/gems/actionpack-2.3.5/lib/action_controller/dispatcher.rb:114:in `call'
    /Users/ackbarjoolia/.rvm/gems/ruby/1.9.1/gems/actionpack-2.3.5/lib/action_controller/reloader.rb:34:in `run'
    /Users/ackbarjoolia/.rvm/gems/ruby/1.9.1/gems/actionpack-2.3.5/lib/action_controller/dispatcher.rb:108:in `call'
    /Users/ackbarjoolia/.rvm/gems/ruby/1.9.1/gems/rails-2.3.5/lib/rails/rack/static.rb:31:in `call'
    /Users/ackbarjoolia/.rvm/gems/ruby/1.9.1/gems/rack-1.0.1/lib/rack/urlmap.rb:46:in `call'
    /Users/ackbarjoolia/.rvm/gems/ruby/1.9.1/gems/rack-1.0.1/lib/rack/urlmap.rb:40:in `each'
    /Users/ackbarjoolia/.rvm/gems/ruby/1.9.1/gems/rack-1.0.1/lib/rack/urlmap.rb:40:in `call'
    /Users/ackbarjoolia/.rvm/gems/ruby/1.9.1/gems/rails-2.3.5/lib/rails/rack/log_tailer.rb:17:in `call'
    /Users/ackbarjoolia/.rvm/gems/ruby/1.9.1/gems/rack-1.0.1/lib/rack/content_length.rb:13:in `call'
    /Users/ackbarjoolia/.rvm/gems/ruby/1.9.1/gems/rack-1.0.1/lib/rack/handler/webrick.rb:50:in `service'
    /System/Library/Frameworks/Ruby.framework/Versions/1.8/usr/lib/ruby/1.8/webrick/httpserver.rb:104:in `service'
    /System/Library/Frameworks/Ruby.framework/Versions/1.8/usr/lib/ruby/1.8/webrick/httpserver.rb:65:in `run'
    /System/Library/Frameworks/Ruby.framework/Versions/1.8/usr/lib/ruby/1.8/webrick/server.rb:173:in `start_thread'
    /System/Library/Frameworks/Ruby.framework/Versions/1.8/usr/lib/ruby/1.8/webrick/server.rb:162:in `start'
    /System/Library/Frameworks/Ruby.framework/Versions/1.8/usr/lib/ruby/1.8/webrick/server.rb:162:in `start_thread'
    /System/Library/Frameworks/Ruby.framework/Versions/1.8/usr/lib/ruby/1.8/webrick/server.rb:95:in `start'
    /System/Library/Frameworks/Ruby.framework/Versions/1.8/usr/lib/ruby/1.8/webrick/server.rb:92:in `each'
    /System/Library/Frameworks/Ruby.framework/Versions/1.8/usr/lib/ruby/1.8/webrick/server.rb:92:in `start'
    /System/Library/Frameworks/Ruby.framework/Versions/1.8/usr/lib/ruby/1.8/webrick/server.rb:23:in `start'
    /System/Library/Frameworks/Ruby.framework/Versions/1.8/usr/lib/ruby/1.8/webrick/server.rb:82:in `start'
    /Users/ackbarjoolia/.rvm/gems/ruby/1.9.1/gems/rack-1.0.1/lib/rack/handler/webrick.rb:14:in `run'
    /Users/ackbarjoolia/.rvm/gems/ruby/1.9.1/gems/rails-2.3.5/lib/commands/server.rb:111
    /Library/Ruby/Site/1.8/rubygems/custom_require.rb:31:in `gem_original_require'
    /Library/Ruby/Site/1.8/rubygems/custom_require.rb:31:in `require'
    script/server:3
  [4;36;1mSQL (0.1ms)[0m   [0;1mSET client_min_messages TO 'panic'[0m
  [4;35;1mSQL (0.1ms)[0m   [0mSET client_min_messages TO 'notice'[0m
  [4;36;1mSQL (3.8ms)[0m   [0;1mCREATE TABLE "schema_migrations" ("version" character varying(255) NOT NULL) [0m
  [4;35;1mSQL (1.9ms)[0m   [0mCREATE UNIQUE INDEX "unique_schema_migrations" ON "schema_migrations" ("version")[0m
  [4;36;1mSQL (0.2ms)[0m   [0;1mSELECT version FROM schema_migrations[0m
